<?xml version="1.0" encoding="UTF-8"?>
<testng-results ignored="0" total="1" passed="1" failed="0" skipped="0">
  <reporter-output>
  </reporter-output>
  <suite started-at="2024-06-01T13:50:14 IST" name="Suite" finished-at="2024-06-01T14:00:00 IST" duration-ms="585588">
    <groups>
    </groups>
    <test started-at="2024-06-01T13:50:14 IST" name="Test" finished-at="2024-06-01T14:00:00 IST" duration-ms="585588">
      <class name="TestScript.WordPress_Setup">
        <test-method is-config="true" signature="openBrowser()[pri:0, instance:TestScript.WordPress_Setup@67f639d3]" started-at="2024-06-01T13:50:14 IST" name="openBrowser" finished-at="2024-06-01T13:50:44 IST" duration-ms="29365" status="PASS">
          <reporter-output>
          </reporter-output>
        </test-method> <!-- openBrowser -->
        <test-method signature="WordPress_Woo_Setup()[pri:0, instance:TestScript.WordPress_Setup@67f639d3]" started-at="2024-06-01T13:50:44 IST" name="WordPress_Woo_Setup" finished-at="2024-06-01T13:59:58 IST" duration-ms="554686" status="PASS">
          <reporter-output>
          </reporter-output>
        </test-method> <!-- WordPress_Woo_Setup -->
        <test-method is-config="true" signature="closeBrowser(org.testng.ITestResult)[pri:0, instance:TestScript.WordPress_Setup@67f639d3]" started-at="2024-06-01T13:59:58 IST" name="closeBrowser" finished-at="2024-06-01T14:00:00 IST" duration-ms="1465" status="PASS">
          <params>
            <param index="0">
              <value>
                <![CDATA[[TestResult name=WordPress_Woo_Setup status=SUCCESS method=WordPress_Setup.WordPress_Woo_Setup()[pri:0, instance:TestScript.WordPress_Setup@67f639d3] output={null}]]]>
              </value>
            </param>
          </params>
          <reporter-output>
          </reporter-output>
        </test-method> <!-- closeBrowser -->
      </class> <!-- TestScript.WordPress_Setup -->
    </test> <!-- Test -->
  </suite> <!-- Suite -->
</testng-results>
